<?xml version="1.0" encoding="UTF-8"?>
<testsuite name="StandardBoardTest" tests="1" skipped="0" failures="0" errors="0" timestamp="2019-10-04T07:10:26" hostname="DESKTOP-LVPAL9L" time="0.015">
  <properties/>
  <testcase name="isLegalMoveShouldReturnTrue" classname="StandardBoardTest" time="0.015"/>
  <system-out><![CDATA[]]></system-out>
  <system-err><![CDATA[]]></system-err>
</testsuite>
